
Tue, 12 Jul 2022 06:56:45 +0200 : NO domainId

Tue, 12 Jul 2022 06:56:45 +0200 : NO senderId 

Tue, 12 Jul 2022 06:56:45 +0200 : NO concat 

Tue, 12 Jul 2022 06:56:45 +0200 : NO encoding

Tue, 12 Jul 2022 06:56:47 +0200 : Server Altiria response: OK dest:34678289895


Tue, 12 Jul 2022 06:57:18 +0200 : NO domainId

Tue, 12 Jul 2022 06:57:18 +0200 : NO senderId 

Tue, 12 Jul 2022 06:57:18 +0200 : NO concat 

Tue, 12 Jul 2022 06:57:18 +0200 : NO encoding

Tue, 12 Jul 2022 06:57:18 +0200 : Server Altiria response: ERROR errNum:020

Tue, 12 Jul 2022 06:57:18 +0200 : Error sending SMS: ERROR errNum:020

Tue, 12 Jul 2022 06:57:52 +0200 : NO domainId

Tue, 12 Jul 2022 06:57:52 +0200 : NO senderId 

Tue, 12 Jul 2022 06:57:52 +0200 : NO concat 

Tue, 12 Jul 2022 06:57:52 +0200 : NO encoding

Tue, 12 Jul 2022 06:57:53 +0200 : Server Altiria response: ERROR errNum:020

Tue, 12 Jul 2022 06:57:53 +0200 : Error sending SMS: ERROR errNum:020

Tue, 12 Jul 2022 06:59:52 +0200 : NO domainId

Tue, 12 Jul 2022 06:59:52 +0200 : NO senderId 

Tue, 12 Jul 2022 06:59:52 +0200 : NO concat 

Tue, 12 Jul 2022 06:59:52 +0200 : NO encoding

Tue, 12 Jul 2022 06:59:52 +0200 : Server Altiria response: ERROR errNum:020

Tue, 12 Jul 2022 06:59:52 +0200 : Error sending SMS: ERROR errNum:020

Tue, 12 Jul 2022 07:05:13 +0200 : NO domainId

Tue, 12 Jul 2022 07:05:13 +0200 : NO senderId 

Tue, 12 Jul 2022 07:05:13 +0200 : NO concat 

Tue, 12 Jul 2022 07:05:13 +0200 : NO encoding

Tue, 12 Jul 2022 07:05:13 +0200 : Server Altiria response: ERROR errNum:020

Tue, 12 Jul 2022 07:05:13 +0200 : Error sending SMS: ERROR errNum:020

Tue, 12 Jul 2022 07:06:10 +0200 : NO domainId

Tue, 12 Jul 2022 07:06:10 +0200 : NO senderId 

Tue, 12 Jul 2022 07:06:10 +0200 : NO concat 

Tue, 12 Jul 2022 07:06:10 +0200 : NO encoding

Tue, 12 Jul 2022 07:06:10 +0200 : Server Altiria response: ERROR errNum:020

Tue, 12 Jul 2022 07:06:10 +0200 : Error sending SMS: ERROR errNum:020

Tue, 12 Jul 2022 07:06:25 +0200 : NO domainId

Tue, 12 Jul 2022 07:06:25 +0200 : NO senderId 

Tue, 12 Jul 2022 07:06:25 +0200 : NO concat 

Tue, 12 Jul 2022 07:06:25 +0200 : NO encoding

Tue, 12 Jul 2022 07:06:25 +0200 : Server Altiria response: ERROR errNum:020

Tue, 12 Jul 2022 07:06:25 +0200 : Error sending SMS: ERROR errNum:020

Tue, 12 Jul 2022 07:06:55 +0200 : NO domainId

Tue, 12 Jul 2022 07:06:55 +0200 : NO senderId 

Tue, 12 Jul 2022 07:06:55 +0200 : NO concat 

Tue, 12 Jul 2022 07:06:55 +0200 : NO encoding

Tue, 12 Jul 2022 07:06:55 +0200 : Server Altiria response: ERROR errNum:020

Tue, 12 Jul 2022 07:06:55 +0200 : Error sending SMS: ERROR errNum:020

Tue, 12 Jul 2022 07:07:11 +0200 : NO domainId

Tue, 12 Jul 2022 07:07:11 +0200 : NO senderId 

Tue, 12 Jul 2022 07:07:11 +0200 : NO concat 

Tue, 12 Jul 2022 07:07:11 +0200 : NO encoding

Tue, 12 Jul 2022 07:07:11 +0200 : Server Altiria response: ERROR errNum:020

Tue, 12 Jul 2022 07:07:11 +0200 : Error sending SMS: ERROR errNum:020

Tue, 12 Jul 2022 07:07:56 +0200 : NO domainId

Tue, 12 Jul 2022 07:07:56 +0200 : NO senderId 

Tue, 12 Jul 2022 07:07:56 +0200 : NO concat 

Tue, 12 Jul 2022 07:07:56 +0200 : NO encoding

Tue, 12 Jul 2022 07:07:56 +0200 : Server Altiria response: ERROR errNum:020

Tue, 12 Jul 2022 07:07:56 +0200 : Error sending SMS: ERROR errNum:020

Tue, 12 Jul 2022 07:14:55 +0200 : NO domainId

Tue, 12 Jul 2022 07:14:55 +0200 : NO senderId 

Tue, 12 Jul 2022 07:14:55 +0200 : Add concat true

Tue, 12 Jul 2022 07:14:55 +0200 : NO encoding

Tue, 12 Jul 2022 07:14:55 +0200 : Server Altiria response: ERROR errNum:020

Tue, 12 Jul 2022 07:14:55 +0200 : Error sending SMS: ERROR errNum:020

Tue, 12 Jul 2022 07:15:06 +0200 : NO domainId

Tue, 12 Jul 2022 07:15:06 +0200 : NO senderId 

Tue, 12 Jul 2022 07:15:06 +0200 : Add concat true

Tue, 12 Jul 2022 07:15:06 +0200 : NO encoding

Tue, 12 Jul 2022 07:15:06 +0200 : Server Altiria response: ERROR errNum:020

Tue, 12 Jul 2022 07:15:06 +0200 : Error sending SMS: ERROR errNum:020

Tue, 12 Jul 2022 10:28:24 +0200 : NO domainId

Tue, 12 Jul 2022 10:28:24 +0200 : NO senderId 

Tue, 12 Jul 2022 10:28:24 +0200 : Add concat true

Tue, 12 Jul 2022 10:28:24 +0200 : NO encoding

Tue, 12 Jul 2022 10:28:24 +0200 : Server Altiria response: OK dest:34678289895


Tue, 12 Jul 2022 10:28:38 +0200 : NO domainId

Tue, 12 Jul 2022 10:28:38 +0200 : NO senderId 

Tue, 12 Jul 2022 10:28:38 +0200 : Add concat true

Tue, 12 Jul 2022 10:28:38 +0200 : NO encoding

Tue, 12 Jul 2022 10:28:39 +0200 : Server Altiria response: ERROR errNum:020

Tue, 12 Jul 2022 10:28:39 +0200 : Error sending SMS: ERROR errNum:020
